<?xml version="1.0" encoding="UTF-8"?>
<!-- Generated by org.testng.reporters.JUnitReportReporter -->
<testsuite name="com.uptake.navigation.NavigationTests" tests="12" time="78.997" ignored="0" failures="0" timestamp="07 Feb 2017 05:24:32 GMT" skipped="0" hostname="DESKTOP-JHM3523" errors="0">
  <testcase name="testDesktopMenuBarNavigation" time="6.655" classname="com.uptake.navigation.NavigationTests"/>
  <testcase name="testMobileDesktopMenuBarNavigation" time="5.115" classname="com.uptake.navigation.NavigationTests"/>
  <testcase name="testDesktopMenuBarNavigation" time="6.581" classname="com.uptake.navigation.NavigationTests"/>
  <testcase name="testDesktopMenuBarNavigation" time="7.279" classname="com.uptake.navigation.NavigationTests"/>
  <testcase name="testDesktopMenuBarNavigation" time="13.239" classname="com.uptake.navigation.NavigationTests"/>
  <testcase name="testMobileDesktopMenuBarNavigation" time="5.537" classname="com.uptake.navigation.NavigationTests"/>
  <testcase name="testMobileDesktopMenuBarNavigation" time="6.932" classname="com.uptake.navigation.NavigationTests"/>
  <testcase name="testDesktopMenuBarNavigation" time="6.043" classname="com.uptake.navigation.NavigationTests"/>
  <testcase name="testMobileDesktopMenuBarNavigation" time="5.596" classname="com.uptake.navigation.NavigationTests"/>
  <testcase name="testMobileDesktopMenuBarNavigation" time="5.139" classname="com.uptake.navigation.NavigationTests"/>
  <testcase name="testDesktopMenuBarNavigation" time="5.616" classname="com.uptake.navigation.NavigationTests"/>
  <testcase name="testMobileDesktopMenuBarNavigation" time="5.265" classname="com.uptake.navigation.NavigationTests"/>
</testsuite> <!-- com.uptake.navigation.NavigationTests -->
